[INFO] Scanning for projects...
[INFO] 
[INFO] ------------------------< vn.hvnh:exam-system >-------------------------
[INFO] Building HVNH Exam System 1.0.0
[INFO]   from pom.xml
[INFO] --------------------------------[ jar ]---------------------------------
[INFO] 
[INFO] --- resources:3.3.1:resources (default-resources) @ exam-system ---
[INFO] Copying 1 resource from src\main\resources to target\classes
[INFO] Copying 0 resource from src\main\resources to target\classes
[INFO] 
[INFO] --- compiler:3.11.0:compile (default-compile) @ exam-system ---
[INFO] Changes detected - recompiling the module! :source
[INFO] Compiling 161 source files with javac [debug release 17] to target\classes
[INFO] /D:/KyVI_HocVienNganHang/Dev/hvnh-exam-system/backend/src/main/java/vn/hvnh/exam/entity/sql/Classes.java: Some input files use or override a deprecated API.
[INFO] /D:/KyVI_HocVienNganHang/Dev/hvnh-exam-system/backend/src/main/java/vn/hvnh/exam/entity/sql/Classes.java: Recompile with -Xlint:deprecation for details.
[INFO] /D:/KyVI_HocVienNganHang/Dev/hvnh-exam-system/backend/src/main/java/vn/hvnh/exam/controller/StudentStudyController.java: D:\KyVI_HocVienNganHang\Dev\hvnh-exam-system\backend\src\main\java\vn\hvnh\exam\controller\StudentStudyController.java uses unchecked or unsafe operations.
[INFO] /D:/KyVI_HocVienNganHang/Dev/hvnh-exam-system/backend/src/main/java/vn/hvnh/exam/controller/StudentStudyController.java: Recompile with -Xlint:unchecked for details.
[INFO] ------------------------------------------------------------------------
[INFO] BUILD SUCCESS
[INFO] ------------------------------------------------------------------------
[INFO] Total time:  5.111 s
[INFO] Finished at: 2026-04-08T23:08:08+07:00
[INFO] ------------------------------------------------------------------------
