[INFO] Scanning for projects...
[INFO] 
[INFO] ------------------------< vn.hvnh:exam-system >-------------------------
[INFO] Building HVNH Exam System 1.0.0
[INFO]   from pom.xml
[INFO] --------------------------------[ jar ]---------------------------------
[INFO] 
[INFO] --- resources:3.3.1:resources (default-resources) @ exam-system ---
[INFO] Copying 1 resource from src\main\resources to target\classes
[INFO] Copying 0 resource from src\main\resources to target\classes
[INFO] 
[INFO] --- compiler:3.11.0:compile (default-compile) @ exam-system ---
[INFO] Changes detected - recompiling the module! :source
[INFO] Compiling 161 source files with javac [debug release 17] to target\classes
[INFO] /D:/KyVI_HocVienNganHang/Dev/hvnh-exam-system/backend/src/main/java/vn/hvnh/exam/entity/sql/Classes.java: Some input files use or override a deprecated API.
[INFO] /D:/KyVI_HocVienNganHang/Dev/hvnh-exam-system/backend/src/main/java/vn/hvnh/exam/entity/sql/Classes.java: Recompile with -Xlint:deprecation for details.
[INFO] /D:/KyVI_HocVienNganHang/Dev/hvnh-exam-system/backend/src/main/java/vn/hvnh/exam/controller/StudentStudyController.java: D:\KyVI_HocVienNganHang\Dev\hvnh-exam-system\backend\src\main\java\vn\hvnh\exam\controller\StudentStudyController.java uses unchecked or unsafe operations.
[INFO] /D:/KyVI_HocVienNganHang/Dev/hvnh-exam-system/backend/src/main/java/vn/hvnh/exam/controller/StudentStudyController.java: Recompile with -Xlint:unchecked for details.
[INFO] -------------------------------------------------------------
[ERROR] COMPILATION ERROR : 
[INFO] -------------------------------------------------------------
[ERROR] /D:/KyVI_HocVienNganHang/Dev/hvnh-exam-system/backend/src/main/java/vn/hvnh/exam/controller/StudentStudyController.java:[417,24] cannot find symbol
  symbol:   method setFlashcardCount(java.lang.Long)
  location: variable doc of type vn.hvnh.exam.entity.sql.StudentDocument
[INFO] 1 error
[INFO] -------------------------------------------------------------
[INFO] ------------------------------------------------------------------------
[INFO] BUILD FAILURE
[INFO] ------------------------------------------------------------------------
[INFO] Total time:  6.808 s
[INFO] Finished at: 2026-04-08T23:05:11+07:00
[INFO] ------------------------------------------------------------------------
[ERROR] Failed to execute goal org.apache.maven.plugins:maven-compiler-plugin:3.11.0:compile (default-compile) on project exam-system: Compilation failure
[ERROR] /D:/KyVI_HocVienNganHang/Dev/hvnh-exam-system/backend/src/main/java/vn/hvnh/exam/controller/StudentStudyController.java:[417,24] cannot find symbol
[ERROR]   symbol:   method setFlashcardCount(java.lang.Long)
[ERROR]   location: variable doc of type vn.hvnh.exam.entity.sql.StudentDocument
[ERROR] 
[ERROR] -> [Help 1]
[ERROR] 
[ERROR] To see the full stack trace of the errors, re-run Maven with the -e switch.
[ERROR] Re-run Maven using the -X switch to enable full debug logging.
[ERROR] 
[ERROR] For more information about the errors and possible solutions, please read the following articles:
[ERROR] [Help 1] http://cwiki.apache.org/confluence/display/MAVEN/MojoFailureException
